proguard/seeds.txt
com.locution.hereyak.LoginActivity
com.locution.hereyak.LoginActivity: LoginActivity()
com.locution.hereyak.LoginActivity$2: void onClick(android.view.View)
com.locution.hereyak.LoginActivity$3: void onClick(android.view.View)
com.locution.hereyak.LoginActivity$4: void onClick(android.view.View)
com.locution.hereyak.MainActivity
com.locution.hereyak.MainActivity: MainActivity()
com.locution.hereyak.MainActivity: void onClickSend(android.view.View)
com.locution.hereyak.MainActivity$7: void onClick(android.content.DialogInterface,int)
com.locution.hereyak.MainActivity$9: void onClick(android.content.DialogInterface,int)
com.locution.hereyak.R$attr: int cameraBearing
com.locution.hereyak.R$attr: int cameraTargetLat
com.locution.hereyak.R$attr: int cameraTargetLng
com.locution.hereyak.R$attr: int cameraTilt
com.locution.hereyak.R$attr: int cameraZoom
com.locution.hereyak.R$attr: int mapType
com.locution.hereyak.R$attr: int uiCompass
com.locution.hereyak.R$attr: int uiRotateGestures
com.locution.hereyak.R$attr: int uiScrollGestures
com.locution.hereyak.R$attr: int uiTiltGestures
com.locution.hereyak.R$attr: int uiZoomControls
com.locution.hereyak.R$attr: int uiZoomGestures
com.locution.hereyak.R$attr: int useViewLifecycle
com.locution.hereyak.R$attr: int zOrderOnTop
com.locution.hereyak.R$color: int black
com.locution.hereyak.R$color: int darkgrey
com.locution.hereyak.R$color: int lightgrey
com.locution.hereyak.R$color: int red
com.locution.hereyak.R$color: int white
com.locution.hereyak.R$dimen: int activity_horizontal_margin
com.locution.hereyak.R$dimen: int activity_vertical_margin
com.locution.hereyak.R$drawable: int border_top
com.locution.hereyak.R$drawable: int ic_launcher
com.locution.hereyak.R$drawable: int ic_menu_refresh
com.locution.hereyak.R$drawable: int ic_menu_send
com.locution.hereyak.R$drawable: int marker
com.locution.hereyak.R$drawable: int messagebox
com.locution.hereyak.R$drawable: int messagebox2
com.locution.hereyak.R$id: int action_forgot_password
com.locution.hereyak.R$id: int action_lock_location
com.locution.hereyak.R$id: int action_logout
com.locution.hereyak.R$id: int action_show_locked_location
com.locution.hereyak.R$id: int content_area_layout
com.locution.hereyak.R$id: int email
com.locution.hereyak.R$id: int forgot_password_text
com.locution.hereyak.R$id: int hybrid
com.locution.hereyak.R$id: int likes
com.locution.hereyak.R$id: int login
com.locution.hereyak.R$id: int login_form
com.locution.hereyak.R$id: int login_status
com.locution.hereyak.R$id: int login_status_message
com.locution.hereyak.R$id: int map
com.locution.hereyak.R$id: int menu_legalnotices
com.locution.hereyak.R$id: int message
com.locution.hereyak.R$id: int message_box
com.locution.hereyak.R$id: int message_box_layout
com.locution.hereyak.R$id: int message_content
com.locution.hereyak.R$id: int message_status
com.locution.hereyak.R$id: int messages
com.locution.hereyak.R$id: int none
com.locution.hereyak.R$id: int normal
com.locution.hereyak.R$id: int password
com.locution.hereyak.R$id: int satellite
com.locution.hereyak.R$id: int send_message_button
com.locution.hereyak.R$id: int send_progressbar
com.locution.hereyak.R$id: int sign_in_button
com.locution.hereyak.R$id: int sign_up_button
com.locution.hereyak.R$id: int sign_up_form
com.locution.hereyak.R$id: int sign_up_status
com.locution.hereyak.R$id: int sign_up_status_message
com.locution.hereyak.R$id: int sign_up_text
com.locution.hereyak.R$layout: int activity_login
com.locution.hereyak.R$layout: int activity_main
com.locution.hereyak.R$layout: int activity_sign_up
com.locution.hereyak.R$layout: int activity_yak_map
com.locution.hereyak.R$layout: int listview_row
com.locution.hereyak.R$layout: int message
com.locution.hereyak.R$menu: int login
com.locution.hereyak.R$menu: int main
com.locution.hereyak.R$menu: int yak_map
...
android.support.v4.app.BackStackState
android.support.v4.app.BackStackState: android.os.Parcelable$Creator CREATOR
android.support.v4.app.Fragment: Fragment()
android.support.v4.app.Fragment$SavedState
android.support.v4.app.Fragment$SavedState: android.os.Parcelable$Creator CREATOR
android.support.v4.app.FragmentActivity: FragmentActivity()
android.support.v4.app.FragmentManagerState
android.support.v4.app.FragmentManagerState: android.os.Parcelable$Creator CREATOR
android.support.v4.app.FragmentState
android.support.v4.app.FragmentState: android.os.Parcelable$Creator CREATOR
android.support.v4.app.FragmentTabHost: void setOnTabChangedListener(android.widget.TabHost$OnTabChangeListener)
android.support.v4.app.FragmentTabHost$SavedState
android.support.v4.app.FragmentTabHost$SavedState: android.os.Parcelable$Creator CREATOR
android.support.v4.content.ModernAsyncTask$Status: android.support.v4.content.ModernAsyncTask$Status[] values()
android.support.v4.content.ModernAsyncTask$Status: android.support.v4.content.ModernAsyncTask$Status valueOf(java.lang.String)
android.support.v4.view.PagerTabStrip: void setTabIndicatorColor(int)
android.support.v4.view.PagerTabStrip: void setTabIndicatorColorResource(int)
android.support.v4.view.PagerTabStrip: int getTabIndicatorColor()
android.support.v4.view.PagerTabStrip: void setTextSpacing(int)
android.support.v4.view.PagerTabStrip: void setBackgroundDrawable(android.graphics.drawable.Drawable)
android.support.v4.view.PagerTabStrip: void setBackgroundColor(int)
android.support.v4.view.PagerTabStrip: void setBackgroundResource(int)
android.support.v4.view.PagerTabStrip: void setDrawFullUnderline(boolean)
android.support.v4.view.PagerTabStrip: boolean getDrawFullUnderline()
android.support.v4.view.PagerTabStrip: int getMinHeight()
android.support.v4.view.PagerTabStrip$1: void onClick(android.view.View)
android.support.v4.view.PagerTabStrip$2: void onClick(android.view.View)
android.support.v4.view.PagerTitleStrip: void setSingleLineAllCaps(android.widget.TextView)
android.support.v4.view.PagerTitleStrip: void setTextSpacing(int)
android.support.v4.view.PagerTitleStrip: int getTextSpacing()
android.support.v4.view.PagerTitleStrip: void setNonPrimaryAlpha(float)
android.support.v4.view.PagerTitleStrip: void setTextColor(int)
android.support.v4.view.PagerTitleStrip: void setGravity(int)
android.support.v4.view.PagerTitleStrip: int getMinHeight()
android.support.v4.view.ViewPager: void setScrollState(int)
android.support.v4.view.ViewPager: void setAdapter(android.support.v4.view.PagerAdapter)
android.support.v4.view.ViewPager: android.support.v4.view.PagerAdapter getAdapter()
android.support.v4.view.ViewPager: void setOnAdapterChangeListener(android.support.v4.view.ViewPager$OnAdapterChangeListener)
android.support.v4.view.ViewPager: void setCurrentItem(int)
android.support.v4.view.ViewPager: int getCurrentItem()
android.support.v4.view.ViewPager: void setOnPageChangeListener(android.support.v4.view.ViewPager$OnPageChangeListener)
android.support.v4.view.ViewPager: void setChildrenDrawingOrderEnabledCompat(boolean)
android.support.v4.view.ViewPager: int getOffscreenPageLimit()
android.support.v4.view.ViewPager: void setOffscreenPageLimit(int)
android.support.v4.view.ViewPager: void setPageMargin(int)
android.support.v4.view.ViewPager: int getPageMargin()
android.support.v4.view.ViewPager: void setPageMarginDrawable(android.graphics.drawable.Drawable)
android.support.v4.view.ViewPager: void setPageMarginDrawable(int)
android.support.v4.view.ViewPager: void setScrollingCacheEnabled(boolean)
android.support.v4.view.ViewPager$SavedState
android.support.v4.view.ViewPager$SavedState: android.os.Parcelable$Creator CREATOR