proguard/mapping.txt
com.locution.hereyak.Constants -> com.locution.hereyak.a:
    char[] SERKEET -> a
    boolean DEBUG -> b
    void logMessage(int,java.lang.String,java.lang.String) -> a
com.locution.hereyak.LoginActivity -> com.locution.hereyak.LoginActivity:
    com.locution.hereyak.LoginActivity$UserLoginTask mAuthTask -> a
    java.lang.String mEmail -> b
    java.lang.String mPassword -> c
    android.widget.EditText mEmailView -> d
    android.widget.EditText mPasswordView -> e
    android.view.View mLoginFormView -> f
    android.view.View mLoginStatusView -> g
    android.widget.TextView mLoginStatusMessageView -> h
    void onCreate(android.os.Bundle) -> onCreate
    boolean onCreateOptionsMenu(android.view.Menu) -> onCreateOptionsMenu
    boolean onOptionsItemSelected(android.view.MenuItem) -> onOptionsItemSelected
    void lostPassword() -> b
    void attemptLogin() -> a
    void showProgress(boolean) -> a
    void onActivityResult(int,int,android.content.Intent) -> onActivityResult
    java.lang.String access$0(com.locution.hereyak.LoginActivity) -> a
    java.lang.String access$1(com.locution.hereyak.LoginActivity) -> b
    void access$2(com.locution.hereyak.LoginActivity,com.locution.hereyak.LoginActivity$UserLoginTask) -> a
    void access$3(com.locution.hereyak.LoginActivity,boolean) -> a
    android.widget.EditText access$4(com.locution.hereyak.LoginActivity) -> c
    void access$5(com.locution.hereyak.LoginActivity,java.lang.String) -> a
    void access$6(com.locution.hereyak.LoginActivity) -> d
    android.view.View access$7(com.locution.hereyak.LoginActivity) -> e
    android.view.View access$8(com.locution.hereyak.LoginActivity) -> f
com.locution.hereyak.LoginActivity$1 -> com.locution.hereyak.b:
    com.locution.hereyak.LoginActivity this$0 -> a
    boolean onEditorAction(android.widget.TextView,int,android.view.KeyEvent) -> onEditorAction
com.locution.hereyak.LoginActivity$2 -> com.locution.hereyak.c:
    com.locution.hereyak.LoginActivity this$0 -> a
    void onClick(android.view.View) -> onClick
com.locution.hereyak.LoginActivity$3 -> com.locution.hereyak.d:
    com.locution.hereyak.LoginActivity this$0 -> a
    void onClick(android.view.View) -> onClick
com.locution.hereyak.LoginActivity$4 -> com.locution.hereyak.e:
    com.locution.hereyak.LoginActivity this$0 -> a
    void onClick(android.view.View) -> onClick
com.locution.hereyak.LoginActivity$5 -> com.locution.hereyak.f:
    com.locution.hereyak.LoginActivity this$0 -> a
    boolean onMenuItemClick(android.view.MenuItem) -> onMenuItemClick
com.locution.hereyak.LoginActivity$6 -> com.locution.hereyak.g:
    com.locution.hereyak.LoginActivity this$0 -> a
    boolean val$show -> b
    void onAnimationEnd(android.animation.Animator) -> onAnimationEnd
com.locution.hereyak.LoginActivity$7 -> com.locution.hereyak.h:
    com.locution.hereyak.LoginActivity this$0 -> a
    boolean val$show -> b
    void onAnimationEnd(android.animation.Animator) -> onAnimationEnd
com.locution.hereyak.LoginActivity$UserLoginTask -> com.locution.hereyak.i:
    com.locution.hereyak.LoginActivity this$0 -> a
    java.util.Map doInBackground(java.lang.Void[]) -> a
    void onPostExecute(java.util.Map) -> a
    void onCancelled() -> onCancelled
    void onPostExecute(java.lang.Object) -> onPostExecute
    java.lang.Object doInBackground(java.lang.Object[]) -> doInBackground
...
org.joda.time.format.DateTimeFormatterBuilder$StringLiteral -> a.a.a.d.i:
    java.lang.String iValue -> a
    int estimatePrintedLength() -> a
    void printTo(java.lang.StringBuffer,long,org.joda.time.Chronology,int,org.joda.time.DateTimeZone,java.util.Locale) -> a
    int estimateParsedLength() -> b
    int parseInto(org.joda.time.format.DateTimeParserBucket,java.lang.String,int) -> a
org.joda.time.format.DateTimeFormatterBuilder$TextField -> a.a.a.d.j:
    java.util.Map cParseCache -> a
    org.joda.time.DateTimeFieldType iFieldType -> b
    boolean iShort -> c
    int estimatePrintedLength() -> a
    void printTo(java.lang.StringBuffer,long,org.joda.time.Chronology,int,org.joda.time.DateTimeZone,java.util.Locale) -> a
    java.lang.String print(long,org.joda.time.Chronology,java.util.Locale) -> a
    int estimateParsedLength() -> b
    int parseInto(org.joda.time.format.DateTimeParserBucket,java.lang.String,int) -> a
org.joda.time.format.DateTimeFormatterBuilder$TimeZoneId -> a.a.a.d.k:
    org.joda.time.format.DateTimeFormatterBuilder$TimeZoneId INSTANCE -> a
    java.util.Set ALL_IDS -> b
    int MAX_LENGTH -> c
    org.joda.time.format.DateTimeFormatterBuilder$TimeZoneId[] $VALUES -> d
    org.joda.time.format.DateTimeFormatterBuilder$TimeZoneId[] values() -> values
    org.joda.time.format.DateTimeFormatterBuilder$TimeZoneId valueOf(java.lang.String) -> valueOf
    int estimatePrintedLength() -> a
    void printTo(java.lang.StringBuffer,long,org.joda.time.Chronology,int,org.joda.time.DateTimeZone,java.util.Locale) -> a
    int estimateParsedLength() -> b
    int parseInto(org.joda.time.format.DateTimeParserBucket,java.lang.String,int) -> a
org.joda.time.format.DateTimeFormatterBuilder$TimeZoneName -> a.a.a.d.l:
    java.util.Map iParseLookup -> a
    int iType -> b
    int estimatePrintedLength() -> a
    void printTo(java.lang.StringBuffer,long,org.joda.time.Chronology,int,org.joda.time.DateTimeZone,java.util.Locale) -> a
    java.lang.String print(long,org.joda.time.DateTimeZone,java.util.Locale) -> a
    int estimateParsedLength() -> b
    int parseInto(org.joda.time.format.DateTimeParserBucket,java.lang.String,int) -> a
org.joda.time.format.DateTimeFormatterBuilder$TimeZoneOffset -> a.a.a.d.m:
    java.lang.String iZeroOffsetPrintText -> a
    java.lang.String iZeroOffsetParseText -> b
    boolean iShowSeparators -> c
    int iMinFields -> d
    int iMaxFields -> e
    int estimatePrintedLength() -> a
    void printTo(java.lang.StringBuffer,long,org.joda.time.Chronology,int,org.joda.time.DateTimeZone,java.util.Locale) -> a
    int estimateParsedLength() -> b
    int parseInto(org.joda.time.format.DateTimeParserBucket,java.lang.String,int) -> a
    int digitCount(java.lang.String,int,int) -> a
org.joda.time.format.DateTimeFormatterBuilder$TwoDigitYear -> a.a.a.d.n:
    org.joda.time.DateTimeFieldType iType -> a
    int iPivot -> b
    boolean iLenientParse -> c
    int estimateParsedLength() -> b
    int parseInto(org.joda.time.format.DateTimeParserBucket,java.lang.String,int) -> a
    int estimatePrintedLength() -> a
    void printTo(java.lang.StringBuffer,long,org.joda.time.Chronology,int,org.joda.time.DateTimeZone,java.util.Locale) -> a
    int getTwoDigitYear(long,org.joda.time.Chronology) -> a
org.joda.time.format.DateTimeFormatterBuilder$UnpaddedNumber -> a.a.a.d.o:
    int estimatePrintedLength() -> a
    void printTo(java.lang.StringBuffer,long,org.joda.time.Chronology,int,org.joda.time.DateTimeZone,java.util.Locale) -> a
org.joda.time.format.DateTimeParser -> a.a.a.d.p:
    int estimateParsedLength() -> b
    int parseInto(org.joda.time.format.DateTimeParserBucket,java.lang.String,int) -> a