proguard/usage.txt
com.locution.hereyak.BuildConfig
com.locution.hereyak.Constants:
    public static final java.lang.String PREFS_FILE_NAME
    public static final java.lang.String UTF8
    public static final int RANGE_LIMIT
    public static final int RANGE_FOR_NEW_LOCATION
    5:5:public Constants()
com.locution.hereyak.MainActivity:
    private static final int TWO_MINUTES
    private static final java.lang.String SAVE_FILE_NAME
    private static final int ACTIVITY_SHOW_ANDROID_SETTINGS
    private static final int ACTIVITY_SHOW_MAP
com.locution.hereyak.MainActivitySaveObject:
    private static final long serialVersionUID
com.locution.hereyak.Manifest
com.locution.hereyak.Manifest$permission
com.locution.hereyak.ObscureData:
    13:13:public ObscureData()
com.locution.hereyak.R
com.locution.hereyak.R$attr
com.locution.hereyak.R$color
com.locution.hereyak.R$dimen
com.locution.hereyak.R$drawable
com.locution.hereyak.R$id
com.locution.hereyak.R$layout
com.locution.hereyak.R$menu
com.locution.hereyak.R$string
com.locution.hereyak.R$style
com.locution.hereyak.R$styleable
com.locution.hereyak.YakAdapter:
    63:63:public int getLastItemAddedIndex()
    67:70:public int addQueueItem(com.locution.hereyak.YakMessage)
    74:75:public void setQueueItemToFailed(int)
    78:79:public void setQueueItemToSent(int)
    82:89:public void removeSentQueueItems()
com.locution.hereyak.YakHttpClient:
    private static final java.lang.String host
    private static final java.lang.String client_id
com.locution.hereyak.YakMessage:
    private static final long serialVersionUID
    56:56:public java.lang.String getUserId()
    64:64:public java.lang.String getLikes()
...
com.google.android.gms.internal.y
com.google.android.gms.internal.y$a
com.google.android.gms.internal.y$a$a
com.google.android.gms.internal.z$a:
    public z$a()
com.google.android.gms.maps.CameraUpdateFactory:
    private CameraUpdateFactory()
    public static com.google.android.gms.maps.CameraUpdate zoomIn()
    public static com.google.android.gms.maps.CameraUpdate zoomOut()
    public static com.google.android.gms.maps.CameraUpdate scrollBy(float,float)
    public static com.google.android.gms.maps.CameraUpdate zoomBy(float)
    public static com.google.android.gms.maps.CameraUpdate zoomBy(float,android.graphics.Point)
    public static com.google.android.gms.maps.CameraUpdate newCameraPosition(com.google.android.gms.maps.model.CameraPosition)
    public static com.google.android.gms.maps.CameraUpdate newLatLngZoom(com.google.android.gms.maps.model.LatLng,float)
    public static com.google.android.gms.maps.CameraUpdate newLatLngBounds(com.google.android.gms.maps.model.LatLngBounds,int)
    public static com.google.android.gms.maps.CameraUpdate newLatLngBounds(com.google.android.gms.maps.model.LatLngBounds,int,int,int)
com.google.android.gms.maps.GoogleMap:
    public static final int MAP_TYPE_NONE
    public static final int MAP_TYPE_NORMAL
    public static final int MAP_TYPE_SATELLITE
    public static final int MAP_TYPE_TERRAIN
    public static final int MAP_TYPE_HYBRID
    private com.google.android.gms.maps.UiSettings fR
    public final com.google.android.gms.maps.model.CameraPosition getCameraPosition()
    public final float getMaxZoomLevel()
    public final float getMinZoomLevel()
    public final void animateCamera(com.google.android.gms.maps.CameraUpdate)
    public final void animateCamera(com.google.android.gms.maps.CameraUpdate,com.google.android.gms.maps.GoogleMap$CancelableCallback)
    public final void stopAnimation()
    public final com.google.android.gms.maps.model.Polyline addPolyline(com.google.android.gms.maps.model.PolylineOptions)
    public final com.google.android.gms.maps.model.Polygon addPolygon(com.google.android.gms.maps.model.PolygonOptions)
    public final com.google.android.gms.maps.model.GroundOverlay addGroundOverlay(com.google.android.gms.maps.model.GroundOverlayOptions)
    public final com.google.android.gms.maps.model.TileOverlay addTileOverlay(com.google.android.gms.maps.model.TileOverlayOptions)
    public final int getMapType()
    public final void setMapType(int)
    public final boolean isTrafficEnabled()
    public final void setTrafficEnabled(boolean)
    public final boolean isIndoorEnabled()
com.google.android.gms.maps.GoogleMap$1
com.google.android.gms.maps.GoogleMap$2
com.google.android.gms.maps.GoogleMap$2$1
com.google.android.gms.maps.GoogleMap$3
com.google.android.gms.maps.GoogleMap$4
com.google.android.gms.maps.GoogleMap$5
com.google.android.gms.maps.GoogleMap$6
com.google.android.gms.maps.GoogleMap$7
com.google.android.gms.maps.GoogleMap$8
com.google.android.gms.maps.GoogleMap$9
com.google.android.gms.maps.GoogleMap$InfoWindowAdapter
com.google.android.gms.maps.GoogleMap$OnCameraChangeListener
com.google.android.gms.maps.GoogleMap$OnInfoWindowClickListener
com.google.android.gms.maps.GoogleMap$OnMapClickListener
com.google.android.gms.maps.GoogleMap$OnMapLongClickListener
com.google.android.gms.maps.GoogleMap$OnMarkerClickListener
com.google.android.gms.maps.GoogleMap$OnMarkerDragListener
com.google.android.gms.maps.GoogleMap$OnMyLocationChangeListener
com.google.android.gms.maps.GoogleMapOptions:
    public java.lang.Boolean getZOrderOnTop()
    public java.lang.Boolean getUseViewLifecycleInFragment()
    public java.lang.Boolean getZoomControlsEnabled()
    public java.lang.Boolean getCompassEnabled()
    public java.lang.Boolean getScrollGesturesEnabled()
    public java.lang.Boolean getZoomGesturesEnabled()
    public java.lang.Boolean getTiltGesturesEnabled()
    public java.lang.Boolean getRotateGesturesEnabled()